# JRE version: OpenJDK Runtime Environment (11.0.15) (build 11.0.15+0-b2043.56-8887301)
# Java VM: OpenJDK 64-Bit Server VM (11.0.15+0-b2043.56-8887301, mixed mode, tiered, compressed oops, g1 gc, windows-amd64)
Heap:
 garbage-first heap   total 472064K, used 338797K [0x0000000080000000, 0x0000000100000000)
  region size 1024K, 60 young (61440K), 1 survivors (1024K)
 Metaspace       used 147815K, capacity 151469K, committed 152400K, reserved 1181696K
  class space    used 18398K, capacity 19812K, committed 20172K, reserved 1048576K
GC Heap History (20 events):
Event: 4647.996 GC heap before
{Heap before GC invocations=141 (full 0):
 garbage-first heap   total 403456K, used 289596K [0x0000000080000000, 0x0000000100000000)
  region size 1024K, 81 young (82944K), 2 survivors (2048K)
 Metaspace       used 134776K, capacity 137823K, committed 138064K, reserved 1169408K
  class space    used 16577K, capacity 17783K, committed 17868K, reserved 1048576K
}
Event: 4648.033 GC heap after
{Heap after GC invocations=142 (full 0):
 garbage-first heap   total 403456K, used 213702K [0x0000000080000000, 0x0000000100000000)
  region size 1024K, 5 young (5120K), 5 survivors (5120K)
 Metaspace       used 134776K, capacity 137823K, committed 138064K, reserved 1169408K
  class space    used 16577K, capacity 17783K, committed 17868K, reserved 1048576K
}
Event: 4648.952 GC heap before
{Heap before GC invocations=142 (full 0):
 garbage-first heap   total 403456K, used 227014K [0x0000000080000000, 0x0000000100000000)
  region size 1024K, 19 young (19456K), 5 survivors (5120K)
 Metaspace       used 135315K, capacity 138454K, committed 138576K, reserved 1169408K
  class space    used 16658K, capacity 17863K, committed 17868K, reserved 1048576K
}
Event: 4648.982 GC heap after
{Heap after GC invocations=143 (full 0):
 garbage-first heap   total 403456K, used 208693K [0x0000000080000000, 0x0000000100000000)
  region size 1024K, 2 young (2048K), 2 survivors (2048K)
 Metaspace       used 135315K, capacity 138454K, committed 138576K, reserved 1169408K
  class space    used 16658K, capacity 17863K, committed 17868K, reserved 1048576K
}
Event: 4652.738 GC heap before
{Heap before GC invocations=143 (full 0):
 garbage-first heap   total 403456K, used 318261K [0x0000000080000000, 0x0000000100000000)
  region size 1024K, 110 young (112640K), 2 survivors (2048K)
 Metaspace       used 139385K, capacity 142780K, committed 142928K, reserved 1173504K
  class space    used 17226K, capacity 18514K, committed 18636K, reserved 1048576K
}
Event: 4652.789 GC heap after
{Heap after GC invocations=144 (full 0):
 garbage-first heap   total 403456K, used 232824K [0x0000000080000000, 0x0000000100000000)
  region size 1024K, 14 young (14336K), 14 survivors (14336K)
 Metaspace       used 139385K, capacity 142780K, committed 142928K, reserved 1173504K
  class space    used 17226K, capacity 18514K, committed 18636K, reserved 1048576K
}
Event: 4654.409 GC heap before
{Heap before GC invocations=145 (full 0):
 garbage-first heap   total 403456K, used 314744K [0x0000000080000000, 0x0000000100000000)
  region size 1024K, 94 young (96256K), 14 survivors (14336K)
 Metaspace       used 141561K, capacity 145073K, committed 145232K, reserved 1175552K
  class space    used 17544K, capacity 18867K, committed 18892K, reserved 1048576K
}
Event: 4654.513 GC heap after
{Heap after GC invocations=146 (full 0):
 garbage-first heap   total 403456K, used 243924K [0x0000000080000000, 0x0000000100000000)
  region size 1024K, 12 young (12288K), 12 survivors (12288K)
 Metaspace       used 141561K, capacity 145073K, committed 145232K, reserved 1175552K
  class space    used 17544K, capacity 18867K, committed 18892K, reserved 1048576K
}
Event: 4655.565 GC heap before
{Heap before GC invocations=146 (full 0):
 garbage-first heap   total 403456K, used 318676K [0x0000000080000000, 0x0000000100000000)
  region size 1024K, 86 young (88064K), 12 survivors (12288K)
 Metaspace       used 143078K, capacity 146883K, committed 147024K, reserved 1177600K
  class space    used 17838K, capacity 19341K, committed 19404K, reserved 1048576K
}
Event: 4655.682 GC heap after
{Heap after GC invocations=147 (full 0):
 garbage-first heap   total 472064K, used 257581K [0x0000000080000000, 0x0000000100000000)
  region size 1024K, 11 young (11264K), 11 survivors (11264K)
 Metaspace       used 143078K, capacity 146883K, committed 147024K, reserved 1177600K
  class space    used 17838K, capacity 19341K, committed 19404K, reserved 1048576K
}
Event: 4659.034 GC heap before
{Heap before GC invocations=148 (full 0):
 garbage-first heap   total 472064K, used 350765K [0x0000000080000000, 0x0000000100000000)
  region size 1024K, 103 young (105472K), 11 survivors (11264K)
 Metaspace       used 144465K, capacity 148224K, committed 148560K, reserved 1177600K
  class space    used 18036K, capacity 19514K, committed 19660K, reserved 1048576K
}
Event: 4659.103 GC heap after
{Heap after GC invocations=149 (full 0):
 garbage-first heap   total 472064K, used 273343K [0x0000000080000000, 0x0000000100000000)
  region size 1024K, 13 young (13312K), 13 survivors (13312K)
 Metaspace       used 144465K, capacity 148224K, committed 148560K, reserved 1177600K
  class space    used 18036K, capacity 19514K, committed 19660K, reserved 1048576K
}
Event: 4659.144 GC heap before
{Heap before GC invocations=149 (full 0):
 garbage-first heap   total 472064K, used 283583K [0x0000000080000000, 0x0000000100000000)
  region size 1024K, 23 young (23552K), 13 survivors (13312K)
 Metaspace       used 144466K, capacity 148224K, committed 148560K, reserved 1177600K
  class space    used 18036K, capacity 19514K, committed 19660K, reserved 1048576K
}
Event: 4659.207 GC heap after
{Heap after GC invocations=150 (full 0):
 garbage-first heap   total 472064K, used 275692K [0x0000000080000000, 0x0000000100000000)
  region size 1024K, 3 young (3072K), 3 survivors (3072K)
 Metaspace       used 144466K, capacity 148224K, committed 148560K, reserved 1177600K
  class space    used 18036K, capacity 19514K, committed 19660K, reserved 1048576K
}
Event: 4664.221 GC heap before
{Heap before GC invocations=150 (full 0):
 garbage-first heap   total 472064K, used 366828K [0x0000000080000000, 0x0000000100000000)
  region size 1024K, 92 young (94208K), 3 survivors (3072K)
 Metaspace       used 147572K, capacity 151440K, committed 151632K, reserved 1181696K
  class space    used 18504K, capacity 20062K, committed 20172K, reserved 1048576K
}
Event: 4664.241 GC heap after
{Heap after GC invocations=151 (full 0):
 garbage-first heap   total 472064K, used 282561K [0x0000000080000000, 0x0000000100000000)
  region size 1024K, 10 young (10240K), 10 survivors (10240K)
 Metaspace       used 147572K, capacity 151440K, committed 151632K, reserved 1181696K
  class space    used 18504K, capacity 20062K, committed 20172K, reserved 1048576K
}
Event: 4665.029 GC heap before
{Heap before GC invocations=152 (full 0):
 garbage-first heap   total 472064K, used 373697K [0x0000000080000000, 0x0000000100000000)
  region size 1024K, 99 young (101376K), 10 survivors (10240K)
 Metaspace       used 147631K, capacity 151303K, committed 152144K, reserved 1181696K
  class space    used 18388K, capacity 19801K, committed 20172K, reserved 1048576K
}
Event: 4665.048 GC heap after
{Heap after GC invocations=153 (full 0):
 garbage-first heap   total 472064K, used 283271K [0x0000000080000000, 0x0000000100000000)
  region size 1024K, 2 young (2048K), 2 survivors (2048K)
 Metaspace       used 147631K, capacity 151303K, committed 152144K, reserved 1181696K
  class space    used 18388K, capacity 19801K, committed 20172K, reserved 1048576K
}
Event: 4665.147 GC heap before
{Heap before GC invocations=153 (full 0):
 garbage-first heap   total 472064K, used 304775K [0x0000000080000000, 0x0000000100000000)
  region size 1024K, 23 young (23552K), 2 survivors (2048K)
 Metaspace       used 147716K, capacity 151383K, committed 152400K, reserved 1181696K
  class space    used 18393K, capacity 19806K, committed 20172K, reserved 1048576K
}
Event: 4665.158 GC heap after
{Heap after GC invocations=154 (full 0):
 garbage-first heap   total 472064K, used 279405K [0x0000000080000000, 0x0000000100000000)
  region size 1024K, 1 young (1024K), 1 survivors (1024K)
 Metaspace       used 147716K, capacity 151383K, committed 152400K, reserved 1181696K
  class space    used 18393K, capacity 19806K, committed 20172K, reserved 1048576K
}

